0 info it worked if it ends with ok
1 verbose cli [ 'node', '/usr/bin/npm', 'install', '-g', 'supervisor' ]
2 info using npm@1.2.14
3 info using node@v0.10.0
4 verbose node symlink /usr/bin/node
5 verbose read json /usr/lib/package.json
6 verbose read json /usr/lib/package.json
7 verbose cache add [ 'supervisor', null ]
8 verbose cache add name=undefined spec="supervisor" args=["supervisor",null]
9 verbose parsed url { protocol: null,
9 verbose parsed url   slashes: null,
9 verbose parsed url   auth: null,
9 verbose parsed url   host: null,
9 verbose parsed url   port: null,
9 verbose parsed url   hostname: null,
9 verbose parsed url   hash: null,
9 verbose parsed url   search: null,
9 verbose parsed url   query: null,
9 verbose parsed url   pathname: 'supervisor',
9 verbose parsed url   path: 'supervisor',
9 verbose parsed url   href: 'supervisor' }
10 silly lockFile 0f4d09e4-supervisor supervisor
11 verbose lock supervisor /home/linus/.npm/0f4d09e4-supervisor.lock
12 silly lockFile 0f4d09e4-supervisor supervisor
13 silly lockFile 0f4d09e4-supervisor supervisor
14 verbose addNamed [ 'supervisor', '' ]
15 verbose addNamed [ null, '' ]
16 silly lockFile b28163ae-supervisor supervisor@
17 verbose lock supervisor@ /home/linus/.npm/b28163ae-supervisor.lock
18 silly addNameRange { name: 'supervisor', range: '', hasData: false }
19 verbose url raw supervisor
20 verbose url resolving [ 'https://registry.npmjs.org/', './supervisor' ]
21 verbose url resolved https://registry.npmjs.org/supervisor
22 info trying registry request attempt 1 at 11:44:01
23 http GET https://registry.npmjs.org/supervisor
24 http 200 https://registry.npmjs.org/supervisor
25 silly registry.get cb [ 200,
25 silly registry.get   { vary: 'Accept',
25 silly registry.get     server: 'CouchDB/1.2.1 (Erlang OTP/R15B03)',
25 silly registry.get     etag: '"D16Z84TL3MVRG7OQK2IQVZXOV"',
25 silly registry.get     date: 'Mon, 25 Mar 2013 11:43:52 GMT',
25 silly registry.get     'content-type': 'application/json',
25 silly registry.get     'content-length': '66936' } ]
26 silly addNameRange number 2 { name: 'supervisor', range: '', hasData: true }
27 silly addNameRange versions [ 'supervisor',
27 silly addNameRange   [ '0.0.4',
27 silly addNameRange     '0.0.5',
27 silly addNameRange     '0.0.6',
27 silly addNameRange     '0.1.0',
27 silly addNameRange     '0.1.1',
27 silly addNameRange     '0.1.2',
27 silly addNameRange     '0.1.3',
27 silly addNameRange     '0.2.0',
27 silly addNameRange     '0.3.0',
27 silly addNameRange     '0.3.1',
27 silly addNameRange     '0.3.2',
27 silly addNameRange     '0.3.3',
27 silly addNameRange     '0.3.4',
27 silly addNameRange     '0.3.5',
27 silly addNameRange     '0.3.6',
27 silly addNameRange     '0.4.0',
27 silly addNameRange     '0.4.1',
27 silly addNameRange     '0.5.0',
27 silly addNameRange     '0.5.1',
27 silly addNameRange     '0.5.2' ] ]
28 verbose addNamed [ 'supervisor', '0.5.2' ]
29 verbose addNamed [ '0.5.2', '0.5.2' ]
30 silly lockFile fef4aa6b-supervisor-0-5-2 supervisor@0.5.2
31 verbose lock supervisor@0.5.2 /home/linus/.npm/fef4aa6b-supervisor-0-5-2.lock
32 silly lockFile 76c02458--supervisor-supervisor-0-5-2-tgz https://registry.npmjs.org/supervisor/-/supervisor-0.5.2.tgz
33 verbose lock https://registry.npmjs.org/supervisor/-/supervisor-0.5.2.tgz /home/linus/.npm/76c02458--supervisor-supervisor-0-5-2-tgz.lock
34 verbose addRemoteTarball [ 'https://registry.npmjs.org/supervisor/-/supervisor-0.5.2.tgz',
34 verbose addRemoteTarball   '865d5c7d07273beb0904218b0232a642d82565f5' ]
35 info retry fetch attempt 1 at 11:44:04
36 verbose fetch to= /home/linus/tmp/npm-3436/1364211844266-0.5389472378883511/tmp.tgz
37 http GET https://registry.npmjs.org/supervisor/-/supervisor-0.5.2.tgz
38 http 200 https://registry.npmjs.org/supervisor/-/supervisor-0.5.2.tgz
39 silly shasum updated bytes 4973
40 info shasum 865d5c7d07273beb0904218b0232a642d82565f5
40 info shasum /home/linus/tmp/npm-3436/1364211844266-0.5389472378883511/tmp.tgz
41 verbose tar unpack /home/linus/tmp/npm-3436/1364211844266-0.5389472378883511/tmp.tgz
42 silly lockFile d0736970-44266-0-5389472378883511-package /home/linus/tmp/npm-3436/1364211844266-0.5389472378883511/package
43 verbose lock /home/linus/tmp/npm-3436/1364211844266-0.5389472378883511/package /home/linus/.npm/d0736970-44266-0-5389472378883511-package.lock
44 silly lockFile 7e6fd7b3-44266-0-5389472378883511-tmp-tgz /home/linus/tmp/npm-3436/1364211844266-0.5389472378883511/tmp.tgz
45 verbose lock /home/linus/tmp/npm-3436/1364211844266-0.5389472378883511/tmp.tgz /home/linus/.npm/7e6fd7b3-44266-0-5389472378883511-tmp-tgz.lock
46 silly gunzTarPerm modes [ '755', '644' ]
47 silly gunzTarPerm extractEntry package.json
48 silly gunzTarPerm extractEntry README.md
49 silly gunzTarPerm extractEntry lib/cli-wrapper.js
50 silly gunzTarPerm extractEntry lib/supervisor.js
51 verbose read json /home/linus/tmp/npm-3436/1364211844266-0.5389472378883511/package/package.json
52 silly lockFile d0736970-44266-0-5389472378883511-package /home/linus/tmp/npm-3436/1364211844266-0.5389472378883511/package
53 silly lockFile d0736970-44266-0-5389472378883511-package /home/linus/tmp/npm-3436/1364211844266-0.5389472378883511/package
54 silly lockFile 7e6fd7b3-44266-0-5389472378883511-tmp-tgz /home/linus/tmp/npm-3436/1364211844266-0.5389472378883511/tmp.tgz
55 silly lockFile 7e6fd7b3-44266-0-5389472378883511-tmp-tgz /home/linus/tmp/npm-3436/1364211844266-0.5389472378883511/tmp.tgz
56 verbose from cache /home/linus/tmp/npm-3436/1364211844266-0.5389472378883511/package/package.json
57 verbose tar pack [ '/home/linus/.npm/supervisor/0.5.2/package.tgz',
57 verbose tar pack   '/home/linus/tmp/npm-3436/1364211844266-0.5389472378883511/package' ]
58 verbose tarball /home/linus/.npm/supervisor/0.5.2/package.tgz
59 verbose folder /home/linus/tmp/npm-3436/1364211844266-0.5389472378883511/package
60 silly lockFile d0736970-44266-0-5389472378883511-package /home/linus/tmp/npm-3436/1364211844266-0.5389472378883511/package
61 verbose lock /home/linus/tmp/npm-3436/1364211844266-0.5389472378883511/package /home/linus/.npm/d0736970-44266-0-5389472378883511-package.lock
62 silly lockFile 56daefd9-npm-supervisor-0-5-2-package-tgz /home/linus/.npm/supervisor/0.5.2/package.tgz
63 verbose lock /home/linus/.npm/supervisor/0.5.2/package.tgz /home/linus/.npm/56daefd9-npm-supervisor-0-5-2-package-tgz.lock
64 silly lockFile d0736970-44266-0-5389472378883511-package /home/linus/tmp/npm-3436/1364211844266-0.5389472378883511/package
65 silly lockFile d0736970-44266-0-5389472378883511-package /home/linus/tmp/npm-3436/1364211844266-0.5389472378883511/package
66 silly lockFile 56daefd9-npm-supervisor-0-5-2-package-tgz /home/linus/.npm/supervisor/0.5.2/package.tgz
67 silly lockFile 56daefd9-npm-supervisor-0-5-2-package-tgz /home/linus/.npm/supervisor/0.5.2/package.tgz
68 silly lockFile 4d06a5f5-nus-npm-supervisor-0-5-2-package /home/linus/.npm/supervisor/0.5.2/package
69 verbose lock /home/linus/.npm/supervisor/0.5.2/package /home/linus/.npm/4d06a5f5-nus-npm-supervisor-0-5-2-package.lock
70 silly lockFile 4d06a5f5-nus-npm-supervisor-0-5-2-package /home/linus/.npm/supervisor/0.5.2/package
71 silly lockFile 4d06a5f5-nus-npm-supervisor-0-5-2-package /home/linus/.npm/supervisor/0.5.2/package
72 verbose tar unpack /home/linus/.npm/supervisor/0.5.2/package.tgz
73 silly lockFile 4d06a5f5-nus-npm-supervisor-0-5-2-package /home/linus/.npm/supervisor/0.5.2/package
74 verbose lock /home/linus/.npm/supervisor/0.5.2/package /home/linus/.npm/4d06a5f5-nus-npm-supervisor-0-5-2-package.lock
75 silly lockFile 56daefd9-npm-supervisor-0-5-2-package-tgz /home/linus/.npm/supervisor/0.5.2/package.tgz
76 verbose lock /home/linus/.npm/supervisor/0.5.2/package.tgz /home/linus/.npm/56daefd9-npm-supervisor-0-5-2-package-tgz.lock
77 silly gunzTarPerm modes [ '755', '644' ]
78 silly gunzTarPerm extractEntry package.json
79 silly gunzTarPerm extractEntry README.md
80 silly gunzTarPerm extractEntry lib/cli-wrapper.js
81 silly gunzTarPerm extractEntry lib/supervisor.js
82 verbose read json /home/linus/.npm/supervisor/0.5.2/package/package.json
83 silly lockFile 4d06a5f5-nus-npm-supervisor-0-5-2-package /home/linus/.npm/supervisor/0.5.2/package
84 silly lockFile 4d06a5f5-nus-npm-supervisor-0-5-2-package /home/linus/.npm/supervisor/0.5.2/package
85 silly lockFile 56daefd9-npm-supervisor-0-5-2-package-tgz /home/linus/.npm/supervisor/0.5.2/package.tgz
86 silly lockFile 56daefd9-npm-supervisor-0-5-2-package-tgz /home/linus/.npm/supervisor/0.5.2/package.tgz
87 silly shasum updated bytes 4973
88 info shasum 865d5c7d07273beb0904218b0232a642d82565f5
88 info shasum /home/linus/.npm/supervisor/0.5.2/package.tgz
89 verbose from cache /home/linus/.npm/supervisor/0.5.2/package/package.json
90 verbose chmod /home/linus/.npm/supervisor/0.5.2/package.tgz 644
91 verbose chown /home/linus/.npm/supervisor/0.5.2/package.tgz [ 1000, 1000 ]
92 silly lockFile 76c02458--supervisor-supervisor-0-5-2-tgz https://registry.npmjs.org/supervisor/-/supervisor-0.5.2.tgz
93 silly lockFile 76c02458--supervisor-supervisor-0-5-2-tgz https://registry.npmjs.org/supervisor/-/supervisor-0.5.2.tgz
94 silly lockFile fef4aa6b-supervisor-0-5-2 supervisor@0.5.2
95 silly lockFile fef4aa6b-supervisor-0-5-2 supervisor@0.5.2
96 silly lockFile b28163ae-supervisor supervisor@
97 silly lockFile b28163ae-supervisor supervisor@
98 silly resolved [ { name: 'supervisor',
98 silly resolved     version: '0.5.2',
98 silly resolved     description: 'A supervisor program for running nodejs programs',
98 silly resolved     author: { name: 'Isaac Z. Schlueter', email: 'i@izs.me' },
98 silly resolved     contributors:
98 silly resolved      [ [Object],
98 silly resolved        [Object],
98 silly resolved        [Object],
98 silly resolved        [Object],
98 silly resolved        [Object],
98 silly resolved        [Object],
98 silly resolved        [Object],
98 silly resolved        [Object],
98 silly resolved        [Object],
98 silly resolved        [Object],
98 silly resolved        [Object],
98 silly resolved        [Object],
98 silly resolved        [Object],
98 silly resolved        [Object],
98 silly resolved        [Object],
98 silly resolved        [Object],
98 silly resolved        [Object],
98 silly resolved        [Object],
98 silly resolved        [Object] ],
98 silly resolved     repository:
98 silly resolved      { type: 'git',
98 silly resolved        url: 'git://github.com/isaacs/node-supervisor.git' },
98 silly resolved     bugs: 'https://github.com/isaacs/node-supervisor/issues',
98 silly resolved     homepage: 'https://github.com/isaacs/node-supervisor/',
98 silly resolved     main: 'lib/supervisor.js',
98 silly resolved     bin:
98 silly resolved      { 'node-supervisor': 'lib/cli-wrapper.js',
98 silly resolved        supervisor: 'lib/cli-wrapper.js' },
98 silly resolved     engines: { node: '>=0.3.7' },
98 silly resolved     preferGlobal: true,
98 silly resolved     readme: '# node-supervisor\n\nA little supervisor script for nodejs. It runs your program, and\nwatches for code changes, so you can have hot-code reloading-ish\nbehavior, without worrying about memory leaks and making sure you\nclean up all the inter-module references, and without a whole new\n`require` system.\n\n## node-supervisor -?\n\n\n    Node Supervisor is used to restart programs when they crash.\n    It can also be used to restart programs when a *.js file changes.\n\n    Usage:\n      supervisor [options] <program>\n      supervisor [options] -- <program> [args ...]\n\n    Required:\n      <program>\n        The program to run.\n\n    Options:\n      -w|--watch <watchItems>\n        A comma-delimited list of folders or js files to watch for changes.\n        When a change to a js file occurs, reload the program\n        Default is \'.\'\n\n      -i|--ignore <ignoreItems>\n        A comma-delimited list of folders to ignore for changes.\n        No default\n\n      -p|--poll-interval <milliseconds>\n        How often to poll watched files for changes.\n        Defaults to Node default.\n\n      -e|--extensions <extensions>\n        Specific file extensions to watch in addition to defaults.\n        Used when --watch option includes folders\n        Default is \'node|js\'\n\n      -x|--exec <executable>\n        The executable that runs the specified program.\n        Default is \'node\'\n\n      --debug\n        Start node with --debug flag.\n\n      --debug-brk\n        Start node with --debug-brk flag.\n\n      -n|--no-restart-on error|exit\n        Don\'t automatically restart the supervised program if it ends.\n        Supervisor will wait for a change in the source files.\n        If "error", an exit code of 0 will still restart.\n        If "exit", no restart regardless of exit code.\n\n      -h|--help|-?\n        Display these usage instructions.\n\n      -q|--quiet\n        Suppress DEBUG messages\n\n    Examples:\n      supervisor myapp.js\n      supervisor myapp.coffee\n      supervisor -w scripts -e myext -x myrunner myapp\n      supervisor -w lib,server.js,config.js server.js\n      supervisor -- server.js -h host -p port\n\n\n## Simple Install\n\nInstall npm, and then do this:\n\n    npm install supervisor -g\n\nYou don\'t even need to download or fork this repo at all.\n\n## Fancy Install\n\nGet this code, install npm, and then do this:\n\n    npm link\n\n## todo\n\n1. Re-attach to a process by pid. If the supervisor is\nbackgrounded, and then disowned, the child will keep running. At\nthat point, the supervisor may be killed, but the child will keep\non running. It\'d be nice to have two supervisors that kept each\nother up, and could also perhaps run a child program.\n2. Run more types of programs than just "node blargh.js".\n3. Be able to run more than one program, so that you can have two\nsupervisors supervise each other, and then also keep some child\nserver up.\n4. When watching, it\'d be good to perhaps bring up a new child\nand then kill the old one gently, rather than just crashing the\nchild abruptly.\n5. Keep the pid in a safe place, so another supervisor can pull\nit out if told to supervise the same program.\n6. It\'d be pretty cool if this program could be run just like\ndoing `node blah.js`, but could somehow "know" which files had\nbeen loaded, and restart whenever a touched file changes.\n',
98 silly resolved     readmeFilename: 'README.md',
98 silly resolved     _id: 'supervisor@0.5.2',
98 silly resolved     dist: { shasum: '865d5c7d07273beb0904218b0232a642d82565f5' },
98 silly resolved     _from: 'supervisor@',
98 silly resolved     _resolved: 'https://registry.npmjs.org/supervisor/-/supervisor-0.5.2.tgz' } ]
99 info install supervisor@0.5.2 into /usr/lib
100 info installOne supervisor@0.5.2
101 verbose from cache /home/linus/.npm/supervisor/0.5.2/package/package.json
102 info /usr/lib/node_modules/supervisor unbuild
103 verbose read json /usr/lib/node_modules/supervisor/package.json
104 verbose tar unpack /home/linus/.npm/supervisor/0.5.2/package.tgz
105 silly lockFile af8a325a-usr-lib-node-modules-supervisor /usr/lib/node_modules/supervisor
106 verbose lock /usr/lib/node_modules/supervisor /home/linus/.npm/af8a325a-usr-lib-node-modules-supervisor.lock
107 silly lockFile 56daefd9-npm-supervisor-0-5-2-package-tgz /home/linus/.npm/supervisor/0.5.2/package.tgz
108 verbose lock /home/linus/.npm/supervisor/0.5.2/package.tgz /home/linus/.npm/56daefd9-npm-supervisor-0-5-2-package-tgz.lock
109 silly gunzTarPerm modes [ '755', '644' ]
110 error Error: EACCES, mkdir '/usr/lib/node_modules/supervisor'
110 error  { [Error: EACCES, mkdir '/usr/lib/node_modules/supervisor']
110 error   errno: 3,
110 error   code: 'EACCES',
110 error   path: '/usr/lib/node_modules/supervisor',
110 error   fstream_type: 'Directory',
110 error   fstream_path: '/usr/lib/node_modules/supervisor',
110 error   fstream_class: 'DirWriter',
110 error   fstream_stack:
110 error    [ '/usr/lib/nodejs/npm/node_modules/fstream/lib/dir-writer.js:36:23',
110 error      '/usr/lib/nodejs/npm/node_modules/mkdirp/index.js:37:53',
110 error      'Object.oncomplete (fs.js:93:15)' ] }
111 error Please try running this command again as root/Administrator.
112 error System Linux 3.5.0-25-generic
113 error command "node" "/usr/bin/npm" "install" "-g" "supervisor"
114 error cwd /home/linus/node/gol
115 error node -v v0.10.0
116 error npm -v 1.2.14
117 error path /usr/lib/node_modules/supervisor
118 error fstream_path /usr/lib/node_modules/supervisor
119 error fstream_type Directory
120 error fstream_class DirWriter
121 error code EACCES
122 error errno 3
123 error stack Error: EACCES, mkdir '/usr/lib/node_modules/supervisor'
124 error fstream_stack /usr/lib/nodejs/npm/node_modules/fstream/lib/dir-writer.js:36:23
124 error fstream_stack /usr/lib/nodejs/npm/node_modules/mkdirp/index.js:37:53
124 error fstream_stack Object.oncomplete (fs.js:93:15)
125 verbose exit [ 3, true ]
